<?xml version="1.0" encoding="UTF-8"?>
<!-- Generated by org.testng.reporters.JUnitXMLReporter -->
<testsuite hostname="DESKTOP-1O30RAL" ignored="0" name="Default test" tests="4" failures="0" timestamp="10 Apr 2022 12:49:17 GMT" time="0.092" errors="0">
  <testcase name="test1" time="0.008" classname="org.wipro.JeyJra"/>
  <testcase name="test2" time="0.005" classname="org.wipro.JeyJra"/>
  <testcase name="test3" time="0.003" classname="org.wipro.JeyJra"/>
  <testcase name="test4" time="0.004" classname="org.wipro.JeyJra"/>
</testsuite> <!-- Default test -->
