<?xml version="1.0" encoding="UTF-8"?>
<testng-results skipped="0" failed="0" ignored="0" total="4" passed="4">
  <reporter-output>
  </reporter-output>
  <suite name="Default suite" duration-ms="92" started-at="2022-04-10T12:49:17Z" finished-at="2022-04-10T12:49:17Z">
    <groups>
    </groups>
    <test name="Default test" duration-ms="92" started-at="2022-04-10T12:49:17Z" finished-at="2022-04-10T12:49:17Z">
      <class name="org.wipro.JeyJra">
        <test-method status="PASS" signature="beforeMethod()[pri:0, instance:org.wipro.JeyJra@66480dd7]" name="beforeMethod" is-config="true" duration-ms="16" started-at="2022-04-10T12:49:17Z" finished-at="2022-04-10T12:49:17Z">
          <reporter-output>
          </reporter-output>
        </test-method> <!-- beforeMethod -->
        <test-method status="PASS" signature="BeforeMethod()[pri:0, instance:org.wipro.JeyJra@66480dd7]" name="BeforeMethod" is-config="true" duration-ms="0" started-at="2022-04-10T12:49:17Z" finished-at="2022-04-10T12:49:17Z">
          <reporter-output>
          </reporter-output>
        </test-method> <!-- BeforeMethod -->
        <test-method status="PASS" signature="test1()[pri:0, instance:org.wipro.JeyJra@66480dd7]" name="test1" duration-ms="8" started-at="2022-04-10T12:49:17Z" finished-at="2022-04-10T12:49:17Z">
          <reporter-output>
          </reporter-output>
        </test-method> <!-- test1 -->
        <test-method status="PASS" signature="afterMetod()[pri:0, instance:org.wipro.JeyJra@66480dd7]" name="afterMetod" is-config="true" duration-ms="1" started-at="2022-04-10T12:49:17Z" finished-at="2022-04-10T12:49:17Z">
          <reporter-output>
          </reporter-output>
        </test-method> <!-- afterMetod -->
        <test-method status="PASS" signature="BeforeMethod()[pri:0, instance:org.wipro.JeyJra@66480dd7]" name="BeforeMethod" is-config="true" duration-ms="1" started-at="2022-04-10T12:49:17Z" finished-at="2022-04-10T12:49:17Z">
          <reporter-output>
          </reporter-output>
        </test-method> <!-- BeforeMethod -->
        <test-method status="PASS" signature="test2()[pri:0, instance:org.wipro.JeyJra@66480dd7]" name="test2" duration-ms="5" started-at="2022-04-10T12:49:17Z" finished-at="2022-04-10T12:49:17Z">
          <reporter-output>
          </reporter-output>
        </test-method> <!-- test2 -->
        <test-method status="PASS" signature="afterMetod()[pri:0, instance:org.wipro.JeyJra@66480dd7]" name="afterMetod" is-config="true" duration-ms="1" started-at="2022-04-10T12:49:17Z" finished-at="2022-04-10T12:49:17Z">
          <reporter-output>
          </reporter-output>
        </test-method> <!-- afterMetod -->
        <test-method status="PASS" signature="test3()[pri:0, instance:org.wipro.JeyJra@66480dd7]" name="test3" duration-ms="3" started-at="2022-04-10T12:49:17Z" finished-at="2022-04-10T12:49:17Z">
          <reporter-output>
          </reporter-output>
        </test-method> <!-- test3 -->
        <test-method status="PASS" signature="BeforeMethod()[pri:0, instance:org.wipro.JeyJra@66480dd7]" name="BeforeMethod" is-config="true" duration-ms="0" started-at="2022-04-10T12:49:17Z" finished-at="2022-04-10T12:49:17Z">
          <reporter-output>
          </reporter-output>
        </test-method> <!-- BeforeMethod -->
        <test-method status="PASS" signature="afterMetod()[pri:0, instance:org.wipro.JeyJra@66480dd7]" name="afterMetod" is-config="true" duration-ms="1" started-at="2022-04-10T12:49:17Z" finished-at="2022-04-10T12:49:17Z">
          <reporter-output>
          </reporter-output>
        </test-method> <!-- afterMetod -->
        <test-method status="PASS" signature="BeforeMethod()[pri:0, instance:org.wipro.JeyJra@66480dd7]" name="BeforeMethod" is-config="true" duration-ms="1" started-at="2022-04-10T12:49:17Z" finished-at="2022-04-10T12:49:17Z">
          <reporter-output>
          </reporter-output>
        </test-method> <!-- BeforeMethod -->
        <test-method status="PASS" signature="test4()[pri:0, instance:org.wipro.JeyJra@66480dd7]" name="test4" duration-ms="4" started-at="2022-04-10T12:49:17Z" finished-at="2022-04-10T12:49:17Z">
          <reporter-output>
          </reporter-output>
        </test-method> <!-- test4 -->
        <test-method status="PASS" signature="afterMetod()[pri:0, instance:org.wipro.JeyJra@66480dd7]" name="afterMetod" is-config="true" duration-ms="1" started-at="2022-04-10T12:49:17Z" finished-at="2022-04-10T12:49:17Z">
          <reporter-output>
          </reporter-output>
        </test-method> <!-- afterMetod -->
        <test-method status="PASS" signature="afterClass()[pri:0, instance:org.wipro.JeyJra@66480dd7]" name="afterClass" is-config="true" duration-ms="0" started-at="2022-04-10T12:49:17Z" finished-at="2022-04-10T12:49:17Z">
          <reporter-output>
          </reporter-output>
        </test-method> <!-- afterClass -->
      </class> <!-- org.wipro.JeyJra -->
    </test> <!-- Default test -->
  </suite> <!-- Default suite -->
</testng-results>
